#
# There is insufficient memory for the Java Runtime Environment to continue.
# Native memory allocation (malloc) failed to allocate 303296 bytes for Chunk::new
# Possible reasons:
#   The system is out of physical RAM or swap space
#   The process is running with CompressedOops enabled, and the Java Heap may be blocking the growth of the native heap
# Possible solutions:
#   Reduce memory load on the system
#   Increase physical memory or swap space
#   Check if swap backing store is full
#   Decrease Java heap size (-Xmx/-Xms)
#   Decrease number of Java threads
#   Decrease Java thread stack sizes (-Xss)
#   Set larger code cache with -XX:ReservedCodeCacheSize=
#   JVM is running with Unscaled Compressed Oops mode in which the Java heap is
#     placed in the first 4GB address space. The Java Heap base address is the
#     maximum limit for the native heap growth. Please use -XX:HeapBaseMinAddress
#     to set the Java Heap base and to place the Java Heap above 4GB virtual address.
# This output file may be truncated or incomplete.
#
#  Out of Memory Error (./src/hotspot/share/memory/arena.cpp:197), pid=17448, tid=8408
#
# JRE version: OpenJDK Runtime Environment (11.0.12+7) (build 11.0.12+7-b1504.28-7817840)
# Java VM: OpenJDK 64-Bit Server VM (11.0.12+7-b1504.28-7817840, mixed mode, tiered, compressed oops, g1 gc, windows-amd64)
# No core dump will be written. Minidumps are not enabled by default on client versions of Windows
#

---------------  S U M M A R Y ------------

Command Line: --add-opens=java.base/java.util=ALL-UNNAMED --add-opens=java.base/java.lang=ALL-UNNAMED --add-opens=java.base/java.lang.invoke=ALL-UNNAMED --add-opens=java.base/java.util=ALL-UNNAMED --add-opens=java.prefs/java.util.prefs=ALL-UNNAMED --add-opens=java.prefs/java.util.prefs=ALL-UNNAMED --add-opens=java.base/java.nio.charset=ALL-UNNAMED --add-opens=java.base/java.net=ALL-UNNAMED --add-opens=java.base/java.util.concurrent.atomic=ALL-UNNAMED -Xmx2048m -Dfile.encoding=UTF-8 -Duser.country=US -Duser.language=en -Duser.variant org.gradle.launcher.daemon.bootstrap.GradleDaemon 7.3.3

Host: AMD Ryzen 5 5500U with Radeon Graphics         , 12 cores, 5G,  Windows 10 , 64 bit Build 19041 (10.0.19041.1741)
Time: Tue Jul 19 11:14:09 2022 India Standard Time elapsed time: 957.128869 seconds (0d 0h 15m 57s)

---------------  T H R E A D  ---------------

Current thread (0x0000028f33bf2000):  JavaThread "C2 CompilerThread0" daemon [_thread_in_native, id=8408, stack(0x000000a111d00000,0x000000a111e00000)]


Current CompileTask:
C2: 957129 12745       4       org.gradle.internal.service.DefaultServiceRegistry$ClassInspector$ClassDetails::collectTypes (63 bytes)

Stack: [0x000000a111d00000,0x000000a111e00000]
Native frames: (J=compiled Java code, j=interpreted, Vv=VM code, C=native code)
V  [jvm.dll+0x5fbcea]
V  [jvm.dll+0x731905]
V  [jvm.dll+0x732f1d]
V  [jvm.dll+0x7335d3]
V  [jvm.dll+0x247bf8]
V  [jvm.dll+0xc018c]
V  [jvm.dll+0xc06cc]
V  [jvm.dll+0x2bcc04]
V  [jvm.dll+0x5113a8]
V  [jvm.dll+0x2018ec]
V  [jvm.dll+0x1ff71f]
V  [jvm.dll+0x18868c]
V  [jvm.dll+0x20e0d7]
V  [jvm.dll+0x20c901]
V  [jvm.dll+0x6f9b7f]
V  [jvm.dll+0x6f26a5]
V  [jvm.dll+0x5fabf6]
C  [ucrtbase.dll+0x21bb2]
C  [KERNEL32.DLL+0x17034]
C  [ntdll.dll+0x52651]


---------------  P R O C E S S  ---------------

Threads class SMR info:
_java_thread_list=0x0000028f3ac4fea0, length=47, elements={
0x0000028f1735b000, 0x0000028f33bd0000, 0x0000028f33bd9000, 0x0000028f33bec000,
0x0000028f33bee000, 0x0000028f33bee800, 0x0000028f33bf2000, 0x0000028f33bf5000,
0x0000028f33bf6000, 0x0000028f346bf000, 0x0000028f360f9800, 0x0000028f35418000,
0x0000028f35d6d800, 0x0000028f35583000, 0x0000028f35582800, 0x0000028f35580000,
0x0000028f35585800, 0x0000028f35584000, 0x0000028f35584800, 0x0000028f35586800,
0x0000028f36968000, 0x0000028f3696e000, 0x0000028f3696a800, 0x0000028f3696a000,
0x0000028f3696b800, 0x0000028f3696f000, 0x0000028f3696c800, 0x0000028f3696d000,
0x0000028f36969000, 0x0000028f3696f800, 0x0000028f36972000, 0x0000028f36970800,
0x0000028f3b0c4800, 0x0000028f3fa82800, 0x0000028f3b0b9000, 0x0000028f3b0bb800,
0x0000028f3b0bc800, 0x0000028f3b0b6800, 0x0000028f3b0ba000, 0x0000028f3b0ba800,
0x0000028f3b0bd000, 0x0000028f3b0b7800, 0x0000028f3b0be000, 0x0000028f3b0b8800,
0x0000028f3b0bf000, 0x0000028f3b0c3000, 0x0000028f3b0c1800
}

Java Threads: ( => current thread )
  0x0000028f1735b000 JavaThread "main" [_thread_blocked, id=19924, stack(0x000000a111100000,0x000000a111200000)]
  0x0000028f33bd0000 JavaThread "Reference Handler" daemon [_thread_blocked, id=12620, stack(0x000000a111800000,0x000000a111900000)]
  0x0000028f33bd9000 JavaThread "Finalizer" daemon [_thread_blocked, id=14504, stack(0x000000a111900000,0x000000a111a00000)]
  0x0000028f33bec000 JavaThread "Signal Dispatcher" daemon [_thread_blocked, id=2476, stack(0x000000a111a00000,0x000000a111b00000)]
  0x0000028f33bee000 JavaThread "Attach Listener" daemon [_thread_blocked, id=19424, stack(0x000000a111b00000,0x000000a111c00000)]
  0x0000028f33bee800 JavaThread "Service Thread" daemon [_thread_blocked, id=16988, stack(0x000000a111c00000,0x000000a111d00000)]
=>0x0000028f33bf2000 JavaThread "C2 CompilerThread0" daemon [_thread_in_native, id=8408, stack(0x000000a111d00000,0x000000a111e00000)]
  0x0000028f33bf5000 JavaThread "C1 CompilerThread0" daemon [_thread_blocked, id=10372, stack(0x000000a111e00000,0x000000a111f00000)]
  0x0000028f33bf6000 JavaThread "Sweeper thread" daemon [_thread_blocked, id=20048, stack(0x000000a111f00000,0x000000a112000000)]
  0x0000028f346bf000 JavaThread "Common-Cleaner" daemon [_thread_blocked, id=19356, stack(0x000000a112000000,0x000000a112100000)]
  0x0000028f360f9800 JavaThread "Daemon health stats" [_thread_blocked, id=17460, stack(0x000000a112400000,0x000000a112500000)]
  0x0000028f35418000 JavaThread "Incoming local TCP Connector on port 61612" [_thread_in_native, id=12564, stack(0x000000a112500000,0x000000a112600000)]
  0x0000028f35d6d800 JavaThread "Daemon periodic checks" [_thread_blocked, id=15420, stack(0x000000a112600000,0x000000a112700000)]
  0x0000028f35583000 JavaThread "Cache worker for journal cache (C:\Users\LENOVO\.gradle\caches\journal-1)" [_thread_blocked, id=13456, stack(0x000000a113600000,0x000000a113700000)]
  0x0000028f35582800 JavaThread "File lock request listener" [_thread_in_native, id=9356, stack(0x000000a113700000,0x000000a113800000)]
  0x0000028f35580000 JavaThread "Cache worker for file hash cache (C:\Users\LENOVO\.gradle\caches\7.3.3\fileHashes)" [_thread_blocked, id=16720, stack(0x000000a113a00000,0x000000a113b00000)]
  0x0000028f35585800 JavaThread "File watcher server" daemon [_thread_in_native, id=2832, stack(0x000000a113c00000,0x000000a113d00000)]
  0x0000028f35584000 JavaThread "File watcher consumer" daemon [_thread_blocked, id=15988, stack(0x000000a113d00000,0x000000a113e00000)]
  0x0000028f35584800 JavaThread "jar transforms" [_thread_blocked, id=9772, stack(0x000000a113e00000,0x000000a113f00000)]
  0x0000028f35586800 JavaThread "jar transforms Thread 2" [_thread_blocked, id=22220, stack(0x000000a113f00000,0x000000a114000000)]
  0x0000028f36968000 JavaThread "jar transforms Thread 3" [_thread_blocked, id=2356, stack(0x000000a114000000,0x000000a114100000)]
  0x0000028f3696e000 JavaThread "jar transforms Thread 4" [_thread_blocked, id=1396, stack(0x000000a114100000,0x000000a114200000)]
  0x0000028f3696a800 JavaThread "jar transforms Thread 5" [_thread_blocked, id=18648, stack(0x000000a114200000,0x000000a114300000)]
  0x0000028f3696a000 JavaThread "jar transforms Thread 6" [_thread_blocked, id=19700, stack(0x000000a114300000,0x000000a114400000)]
  0x0000028f3696b800 JavaThread "jar transforms Thread 7" [_thread_blocked, id=21776, stack(0x000000a114400000,0x000000a114500000)]
  0x0000028f3696f000 JavaThread "jar transforms Thread 8" [_thread_blocked, id=19676, stack(0x000000a114500000,0x000000a114600000)]
  0x0000028f3696c800 JavaThread "jar transforms Thread 9" [_thread_blocked, id=21688, stack(0x000000a114600000,0x000000a114700000)]
  0x0000028f3696d000 JavaThread "jar transforms Thread 10" [_thread_blocked, id=19232, stack(0x000000a114700000,0x000000a114800000)]
  0x0000028f36969000 JavaThread "jar transforms Thread 11" [_thread_blocked, id=11752, stack(0x000000a114800000,0x000000a114900000)]
  0x0000028f3696f800 JavaThread "jar transforms Thread 12" [_thread_blocked, id=19596, stack(0x000000a114900000,0x000000a114a00000)]
  0x0000028f36972000 JavaThread "Cache worker for execution history cache (C:\Users\LENOVO\.gradle\caches\7.3.3\executionHistory)" [_thread_blocked, id=776, stack(0x000000a114d00000,0x000000a114e00000)]
  0x0000028f36970800 JavaThread "Cache worker for file content cache (C:\Users\LENOVO\.gradle\caches\7.3.3\fileContent)" [_thread_blocked, id=14664, stack(0x000000a114e00000,0x000000a114f00000)]
  0x0000028f3b0c4800 JavaThread "Memory manager" [_thread_blocked, id=21844, stack(0x000000a11cb00000,0x000000a11cc00000)]
  0x0000028f3fa82800 JavaThread "pool-3-thread-1" [_thread_blocked, id=11096, stack(0x000000a11cc00000,0x000000a11cd00000)]
  0x0000028f3b0b9000 JavaThread "Daemon Thread 2" [_thread_blocked, id=19648, stack(0x000000a110e00000,0x000000a110f00000)]
  0x0000028f3b0bb800 JavaThread "Handler for socket connection from /127.0.0.1:61612 to /127.0.0.1:62539" [_thread_in_native, id=17944, stack(0x000000a110f00000,0x000000a111000000)]
  0x0000028f3b0bc800 JavaThread "Cancel handler" [_thread_blocked, id=15592, stack(0x000000a111000000,0x000000a111100000)]
  0x0000028f3b0b6800 JavaThread "Daemon worker Thread 2" [_thread_in_native, id=4680, stack(0x000000a112700000,0x000000a112800000)]
  0x0000028f3b0ba000 JavaThread "Asynchronous log dispatcher for DefaultDaemonConnection: socket connection from /127.0.0.1:61612 to /127.0.0.1:62539" [_thread_blocked, id=2380, stack(0x000000a112800000,0x000000a112900000)]
  0x0000028f3b0ba800 JavaThread "Stdin handler" [_thread_blocked, id=21044, stack(0x000000a112900000,0x000000a112a00000)]
  0x0000028f3b0bd000 JavaThread "Daemon client event forwarder" [_thread_blocked, id=10172, stack(0x000000a112a00000,0x000000a112b00000)]
  0x0000028f3b0b7800 JavaThread "Cache worker for file hash cache (E:\New Android Project\exrtra prectis\.gradle\7.3.3\fileHashes)" [_thread_blocked, id=20448, stack(0x000000a112b00000,0x000000a112c00000)]
  0x0000028f3b0be000 JavaThread "Cache worker for checksums cache (E:\New Android Project\exrtra prectis\.gradle\7.3.3\checksums)" [_thread_blocked, id=20372, stack(0x000000a112c00000,0x000000a112d00000)]
  0x0000028f3b0b8800 JavaThread "Cache worker for cache directory md-supplier (C:\Users\LENOVO\.gradle\caches\7.3.3\md-supplier)" [_thread_blocked, id=12324, stack(0x000000a113500000,0x000000a113600000)]
  0x0000028f3b0bf000 JavaThread "Cache worker for cache directory md-rule (C:\Users\LENOVO\.gradle\caches\7.3.3\md-rule)" [_thread_blocked, id=18764, stack(0x000000a113b00000,0x000000a113c00000)]
  0x0000028f3b0c3000 JavaThread "Cache worker for dependencies-accessors (E:\New Android Project\exrtra prectis\.gradle\7.3.3\dependencies-accessors)" [_thread_blocked, id=13520, stack(0x000000a114a00000,0x000000a114b00000)]
  0x0000028f3b0c1800 JavaThread "Cache worker for Build Output Cleanup Cache (E:\New Android Project\exrtra prectis\.gradle\buildOutputCleanup)" [_thread_blocked, id=21916, stack(0x000000a114b00000,0x000000a114c00000)]

Other Threads:
  0x0000028f33bca000 VMThread "VM Thread" [stack: 0x000000a111700000,0x000000a111800000] [id=4504]
  0x0000028f346dc000 WatcherThread [stack: 0x000000a112100000,0x000000a112200000] [id=21164]
  0x0000028f17374000 GCTaskThread "GC Thread#0" [stack: 0x000000a111200000,0x000000a111300000] [id=20288]
  0x0000028f3527b000 GCTaskThread "GC Thread#1" [stack: 0x000000a112300000,0x000000a112400000] [id=13740]
  0x0000028f3559e800 GCTaskThread "GC Thread#2" [stack: 0x000000a112d00000,0x000000a112e00000] [id=20072]
  0x0000028f3559b800 GCTaskThread "GC Thread#3" [stack: 0x000000a112e00000,0x000000a112f00000] [id=21604]
  0x0000028f3559c000 GCTaskThread "GC Thread#4" [stack: 0x000000a112f00000,0x000000a113000000] [id=18272]
  0x0000028f3559c800 GCTaskThread "GC Thread#5" [stack: 0x000000a113000000,0x000000a113100000] [id=16040]
  0x0000028f353e5000 GCTaskThread "GC Thread#6" [stack: 0x000000a113100000,0x000000a113200000] [id=20244]
  0x0000028f353e5800 GCTaskThread "GC Thread#7" [stack: 0x000000a113200000,0x000000a113300000] [id=5648]
  0x0000028f353e6000 GCTaskThread "GC Thread#8" [stack: 0x000000a113300000,0x000000a113400000] [id=4408]
  0x0000028f356ad800 GCTaskThread "GC Thread#9" [stack: 0x000000a113400000,0x000000a113500000] [id=21784]
  0x0000028f173a8800 ConcurrentGCThread "G1 Main Marker" [stack: 0x000000a111300000,0x000000a111400000] [id=16728]
  0x0000028f173ab000 ConcurrentGCThread "G1 Conc#0" [stack: 0x000000a111400000,0x000000a111500000] [id=16580]
  0x0000028f359ec000 ConcurrentGCThread "G1 Conc#1" [stack: 0x000000a113800000,0x000000a113900000] [id=1360]
  0x0000028f35ad9000 ConcurrentGCThread "G1 Conc#2" [stack: 0x000000a113900000,0x000000a113a00000] [id=1000]
  0x0000028f1743a800 ConcurrentGCThread "G1 Refine#0" [stack: 0x000000a111500000,0x000000a111600000] [id=22080]
  0x0000028f35b18800 ConcurrentGCThread "G1 Refine#1" [stack: 0x000000a112200000,0x000000a112300000] [id=1872]
  0x0000028f1743b800 ConcurrentGCThread "G1 Young RemSet Sampling" [stack: 0x000000a111600000,0x000000a111700000] [id=18048]

Threads with active compile tasks:
C2 CompilerThread0 957204 12745       4       org.gradle.internal.service.DefaultServiceRegistry$ClassInspector$ClassDetails::collectTypes (63 bytes)

VM state:not at safepoint (normal execution)

VM Mutex/Monitor currently owned by a thread: None

Heap address: 0x0000000080000000, size: 2048 MB, Compressed Oops mode: 32-bit
Narrow klass base: 0x0000000000000000, Narrow klass shift: 3
Compressed class space size: 1073741824 Address: 0x0000000100000000

Heap:
 garbage-first heap   total 201728K, used 155741K [0x0000000080000000, 0x0000000100000000)
  region size 1024K, 31 young (31744K), 5 survivors (5120K)
 Metaspace       used 109903K, capacity 112564K, committed 112896K, reserved 1146880K
  class space    used 13760K, capacity 14736K, committed 14848K, reserved 1048576K
Heap Regions: E=young(eden), S=young(survivor), O=old, HS=humongous(starts), HC=humongous(continues), CS=collection set, F=free, A=archive, TAMS=top-at-mark-start (previous, next)
|   0|0x0000000080000000, 0x0000000080100000, 0x0000000080100000|100%| O|  |TAMS 0x0000000080100000, 0x0000000080000000| Untracked 
|   1|0x0000000080100000, 0x0000000080200000, 0x0000000080200000|100%| O|  |TAMS 0x0000000080200000, 0x0000000080100000| Untracked 
|   2|0x0000000080200000, 0x0000000080300000, 0x0000000080300000|100%| O|  |TAMS 0x0000000080300000, 0x0000000080200000| Untracked 
|   3|0x0000000080300000, 0x0000000080400000, 0x0000000080400000|100%|HS|  |TAMS 0x0000000080400000, 0x0000000080300000| Complete 
|   4|0x0000000080400000, 0x0000000080500000, 0x0000000080500000|100%|HC|  |TAMS 0x0000000080500000, 0x0000000080400000| Complete 
|   5|0x0000000080500000, 0x0000000080600000, 0x0000000080600000|100%|HC|  |TAMS 0x0000000080600000, 0x0000000080500000| Complete 
|   6|0x0000000080600000, 0x0000000080700000, 0x0000000080700000|100%| O|  |TAMS 0x0000000080700000, 0x0000000080600000| Untracked 
|   7|0x0000000080700000, 0x0000000080800000, 0x0000000080800000|100%| O|  |TAMS 0x0000000080800000, 0x0000000080700000| Untracked 
|   8|0x0000000080800000, 0x0000000080900000, 0x0000000080900000|100%| O|  |TAMS 0x0000000080900000, 0x0000000080800000| Untracked 
|   9|0x0000000080900000, 0x0000000080a00000, 0x0000000080a00000|100%| O|  |TAMS 0x0000000080a00000, 0x0000000080900000| Untracked 
|  10|0x0000000080a00000, 0x0000000080b00000, 0x0000000080b00000|100%| O|  |TAMS 0x0000000080b00000, 0x0000000080a00000| Untracked 
|  11|0x0000000080b00000, 0x0000000080c00000, 0x0000000080c00000|100%| O|  |TAMS 0x0000000080c00000, 0x0000000080b00000| Untracked 
|  12|0x0000000080c00000, 0x0000000080d00000, 0x0000000080d00000|100%| O|  |TAMS 0x0000000080d00000, 0x0000000080c00000| Untracked 
|  13|0x0000000080d00000, 0x0000000080e00000, 0x0000000080e00000|100%| O|  |TAMS 0x0000000080e00000, 0x0000000080d00000| Untracked 
|  14|0x0000000080e00000, 0x0000000080f00000, 0x0000000080f00000|100%| O|  |TAMS 0x0000000080f00000, 0x0000000080e00000| Untracked 
|  15|0x0000000080f00000, 0x0000000081000000, 0x0000000081000000|100%|HS|  |TAMS 0x0000000081000000, 0x0000000080f00000| Complete 
|  16|0x0000000081000000, 0x0000000081100000, 0x0000000081100000|100%|HC|  |TAMS 0x0000000081100000, 0x0000000081000000| Complete 
|  17|0x0000000081100000, 0x0000000081200000, 0x0000000081200000|100%|HS|  |TAMS 0x0000000081200000, 0x0000000081100000| Complete 
|  18|0x0000000081200000, 0x0000000081300000, 0x0000000081300000|100%|HC|  |TAMS 0x0000000081300000, 0x0000000081200000| Complete 
|  19|0x0000000081300000, 0x0000000081400000, 0x0000000081400000|100%|HC|  |TAMS 0x0000000081400000, 0x0000000081300000| Complete 
|  20|0x0000000081400000, 0x0000000081500000, 0x0000000081500000|100%|HS|  |TAMS 0x0000000081500000, 0x0000000081400000| Complete 
|  21|0x0000000081500000, 0x0000000081600000, 0x0000000081600000|100%|HS|  |TAMS 0x0000000081600000, 0x0000000081500000| Complete 
|  22|0x0000000081600000, 0x0000000081700000, 0x0000000081700000|100%|HC|  |TAMS 0x0000000081700000, 0x0000000081600000| Complete 
|  23|0x0000000081700000, 0x0000000081800000, 0x0000000081800000|100%|HC|  |TAMS 0x0000000081800000, 0x0000000081700000| Complete 
|  24|0x0000000081800000, 0x0000000081900000, 0x0000000081900000|100%|HC|  |TAMS 0x0000000081900000, 0x0000000081800000| Complete 
|  25|0x0000000081900000, 0x0000000081a00000, 0x0000000081a00000|100%| O|  |TAMS 0x0000000081a00000, 0x0000000081900000| Untracked 
|  26|0x0000000081a00000, 0x0000000081b00000, 0x0000000081b00000|100%| O|  |TAMS 0x0000000081b00000, 0x0000000081a00000| Untracked 
|  27|0x0000000081b00000, 0x0000000081c00000, 0x0000000081c00000|100%| O|  |TAMS 0x0000000081c00000, 0x0000000081b00000| Untracked 
|  28|0x0000000081c00000, 0x0000000081d00000, 0x0000000081d00000|100%| O|  |TAMS 0x0000000081d00000, 0x0000000081c00000| Untracked 
|  29|0x0000000081d00000, 0x0000000081e00000, 0x0000000081e00000|100%| O|  |TAMS 0x0000000081e00000, 0x0000000081d00000| Untracked 
|  30|0x0000000081e00000, 0x0000000081f00000, 0x0000000081f00000|100%| O|  |TAMS 0x0000000081f00000, 0x0000000081e00000| Untracked 
|  31|0x0000000081f00000, 0x0000000082000000, 0x0000000082000000|100%| O|  |TAMS 0x0000000082000000, 0x0000000081f00000| Untracked 
|  32|0x0000000082000000, 0x0000000082100000, 0x0000000082100000|100%| O|  |TAMS 0x0000000082100000, 0x0000000082000000| Untracked 
|  33|0x0000000082100000, 0x0000000082200000, 0x0000000082200000|100%| O|  |TAMS 0x0000000082200000, 0x0000000082100000| Untracked 
|  34|0x0000000082200000, 0x0000000082300000, 0x0000000082300000|100%|HS|  |TAMS 0x0000000082300000, 0x0000000082200000| Complete 
|  35|0x0000000082300000, 0x0000000082400000, 0x0000000082400000|100%| O|  |TAMS 0x0000000082400000, 0x0000000082300000| Untracked 
|  36|0x0000000082400000, 0x0000000082500000, 0x0000000082500000|100%| O|  |TAMS 0x0000000082500000, 0x0000000082400000| Untracked 
|  37|0x0000000082500000, 0x0000000082600000, 0x0000000082600000|100%| O|  |TAMS 0x0000000082600000, 0x0000000082500000| Untracked 
|  38|0x0000000082600000, 0x0000000082700000, 0x0000000082700000|100%| O|  |TAMS 0x0000000082700000, 0x0000000082600000| Untracked 
|  39|0x0000000082700000, 0x0000000082800000, 0x0000000082800000|100%| O|  |TAMS 0x0000000082800000, 0x0000000082700000| Untracked 
|  40|0x0000000082800000, 0x0000000082900000, 0x0000000082900000|100%| O|  |TAMS 0x0000000082900000, 0x0000000082800000| Untracked 
|  41|0x0000000082900000, 0x0000000082a00000, 0x0000000082a00000|100%| O|  |TAMS 0x0000000082a00000, 0x0000000082900000| Untracked 
|  42|0x0000000082a00000, 0x0000000082b00000, 0x0000000082b00000|100%|HS|  |TAMS 0x0000000082b00000, 0x0000000082a00000| Complete 
|  43|0x0000000082b00000, 0x0000000082c00000, 0x0000000082c00000|100%|HC|  |TAMS 0x0000000082c00000, 0x0000000082b00000| Complete 
|  44|0x0000000082c00000, 0x0000000082d00000, 0x0000000082d00000|100%|HC|  |TAMS 0x0000000082d00000, 0x0000000082c00000| Complete 
|  45|0x0000000082d00000, 0x0000000082e00000, 0x0000000082e00000|100%| O|  |TAMS 0x0000000082e00000, 0x0000000082d00000| Untracked 
|  46|0x0000000082e00000, 0x0000000082f00000, 0x0000000082f00000|100%| O|  |TAMS 0x0000000082f00000, 0x0000000082e00000| Untracked 
|  47|0x0000000082f00000, 0x0000000083000000, 0x0000000083000000|100%| O|  |TAMS 0x0000000083000000, 0x0000000082f00000| Untracked 
|  48|0x0000000083000000, 0x0000000083100000, 0x0000000083100000|100%|HS|  |TAMS 0x0000000083100000, 0x0000000083000000| Complete 
|  49|0x0000000083100000, 0x0000000083200000, 0x0000000083200000|100%|HC|  |TAMS 0x0000000083200000, 0x0000000083100000| Complete 
|  50|0x0000000083200000, 0x0000000083300000, 0x0000000083300000|100%|HC|  |TAMS 0x0000000083300000, 0x0000000083200000| Complete 
|  51|0x0000000083300000, 0x0000000083400000, 0x0000000083400000|100%|HC|  |TAMS 0x0000000083400000, 0x0000000083300000| Complete 
|  52|0x0000000083400000, 0x0000000083500000, 0x0000000083500000|100%| O|  |TAMS 0x0000000083500000, 0x0000000083400000| Untracked 
|  53|0x0000000083500000, 0x0000000083600000, 0x0000000083600000|100%| O|  |TAMS 0x0000000083600000, 0x0000000083500000| Untracked 
|  54|0x0000000083600000, 0x0000000083700000, 0x0000000083700000|100%| O|  |TAMS 0x0000000083700000, 0x0000000083600000| Untracked 
|  55|0x0000000083700000, 0x0000000083800000, 0x0000000083800000|100%| O|  |TAMS 0x0000000083800000, 0x0000000083700000| Untracked 
|  56|0x0000000083800000, 0x0000000083900000, 0x0000000083900000|100%| O|  |TAMS 0x0000000083900000, 0x0000000083800000| Untracked 
|  57|0x0000000083900000, 0x0000000083a00000, 0x0000000083a00000|100%| O|  |TAMS 0x0000000083a00000, 0x0000000083900000| Untracked 
|  58|0x0000000083a00000, 0x0000000083b00000, 0x0000000083b00000|100%|HS|  |TAMS 0x0000000083b00000, 0x0000000083a00000| Complete 
|  59|0x0000000083b00000, 0x0000000083c00000, 0x0000000083c00000|100%|HS|  |TAMS 0x0000000083c00000, 0x0000000083b00000| Complete 
|  60|0x0000000083c00000, 0x0000000083d00000, 0x0000000083d00000|100%| O|  |TAMS 0x0000000083d00000, 0x0000000083c00000| Untracked 
|  61|0x0000000083d00000, 0x0000000083e00000, 0x0000000083e00000|100%|HS|  |TAMS 0x0000000083e00000, 0x0000000083d00000| Complete 
|  62|0x0000000083e00000, 0x0000000083f00000, 0x0000000083f00000|100%| O|  |TAMS 0x0000000083f00000, 0x0000000083e00000| Untracked 
|  63|0x0000000083f00000, 0x0000000084000000, 0x0000000084000000|100%| O|  |TAMS 0x0000000084000000, 0x0000000083f00000| Untracked 
|  64|0x0000000084000000, 0x0000000084100000, 0x0000000084100000|100%| O|  |TAMS 0x0000000084100000, 0x0000000084000000| Untracked 
|  65|0x0000000084100000, 0x0000000084200000, 0x0000000084200000|100%|HS|  |TAMS 0x0000000084200000, 0x0000000084100000| Complete 
|  66|0x0000000084200000, 0x0000000084300000, 0x0000000084300000|100%|HC|  |TAMS 0x0000000084300000, 0x0000000084200000| Complete 
|  67|0x0000000084300000, 0x0000000084400000, 0x0000000084400000|100%|HC|  |TAMS 0x0000000084400000, 0x0000000084300000| Complete 
|  68|0x0000000084400000, 0x0000000084500000, 0x0000000084500000|100%| O|  |TAMS 0x0000000084500000, 0x0000000084400000| Untracked 
|  69|0x0000000084500000, 0x0000000084600000, 0x0000000084600000|100%| O|  |TAMS 0x0000000084600000, 0x0000000084500000| Untracked 
|  70|0x0000000084600000, 0x0000000084700000, 0x0000000084700000|100%|HS|  |TAMS 0x0000000084700000, 0x0000000084600000| Complete 
|  71|0x0000000084700000, 0x0000000084800000, 0x0000000084800000|100%|HC|  |TAMS 0x0000000084800000, 0x0000000084700000| Complete 
|  72|0x0000000084800000, 0x0000000084900000, 0x0000000084900000|100%| O|  |TAMS 0x0000000084900000, 0x0000000084800000| Untracked 
|  73|0x0000000084900000, 0x0000000084a00000, 0x0000000084a00000|100%| O|  |TAMS 0x0000000084a00000, 0x0000000084900000| Untracked 
|  74|0x0000000084a00000, 0x0000000084b00000, 0x0000000084b00000|100%| O|  |TAMS 0x0000000084b00000, 0x0000000084a00000| Untracked 
|  75|0x0000000084b00000, 0x0000000084c00000, 0x0000000084c00000|100%| O|  |TAMS 0x0000000084c00000, 0x0000000084b00000| Untracked 
|  76|0x0000000084c00000, 0x0000000084d00000, 0x0000000084d00000|100%| O|  |TAMS 0x0000000084d00000, 0x0000000084c00000| Untracked 
|  77|0x0000000084d00000, 0x0000000084e00000, 0x0000000084e00000|100%| O|  |TAMS 0x0000000084e00000, 0x0000000084d00000| Untracked 
|  78|0x0000000084e00000, 0x0000000084f00000, 0x0000000084f00000|100%| O|  |TAMS 0x0000000084f00000, 0x0000000084e00000| Untracked 
|  79|0x0000000084f00000, 0x0000000085000000, 0x0000000085000000|100%| O|  |TAMS 0x0000000085000000, 0x0000000084f00000| Untracked 
|  80|0x0000000085000000, 0x0000000085100000, 0x0000000085100000|100%| O|  |TAMS 0x0000000085100000, 0x0000000085000000| Untracked 
|  81|0x0000000085100000, 0x0000000085200000, 0x0000000085200000|100%| O|  |TAMS 0x0000000085200000, 0x0000000085100000| Untracked 
|  82|0x0000000085200000, 0x0000000085300000, 0x0000000085300000|100%| O|  |TAMS 0x0000000085300000, 0x0000000085200000| Untracked 
|  83|0x0000000085300000, 0x0000000085400000, 0x0000000085400000|100%| O|  |TAMS 0x0000000085400000, 0x0000000085300000| Untracked 
|  84|0x0000000085400000, 0x0000000085500000, 0x0000000085500000|100%| O|  |TAMS 0x0000000085500000, 0x0000000085400000| Untracked 
|  85|0x0000000085500000, 0x0000000085600000, 0x0000000085600000|100%| O|  |TAMS 0x0000000085600000, 0x0000000085500000| Untracked 
|  86|0x0000000085600000, 0x0000000085700000, 0x0000000085700000|100%| O|  |TAMS 0x0000000085700000, 0x0000000085600000| Untracked 
|  87|0x0000000085700000, 0x0000000085800000, 0x0000000085800000|100%| O|  |TAMS 0x0000000085800000, 0x0000000085700000| Untracked 
|  88|0x0000000085800000, 0x0000000085900000, 0x0000000085900000|100%| O|  |TAMS 0x0000000085900000, 0x0000000085800000| Untracked 
|  89|0x0000000085900000, 0x0000000085a00000, 0x0000000085a00000|100%|HS|  |TAMS 0x0000000085a00000, 0x0000000085900000| Complete 
|  90|0x0000000085a00000, 0x0000000085b00000, 0x0000000085b00000|100%|HC|  |TAMS 0x0000000085b00000, 0x0000000085a00000| Complete 
|  91|0x0000000085b00000, 0x0000000085c00000, 0x0000000085c00000|100%|HS|  |TAMS 0x0000000085c00000, 0x0000000085b00000| Complete 
|  92|0x0000000085c00000, 0x0000000085d00000, 0x0000000085d00000|100%|HC|  |TAMS 0x0000000085d00000, 0x0000000085c00000| Complete 
|  93|0x0000000085d00000, 0x0000000085e00000, 0x0000000085e00000|100%|HC|  |TAMS 0x0000000085e00000, 0x0000000085d00000| Complete 
|  94|0x0000000085e00000, 0x0000000085f00000, 0x0000000085f00000|100%| O|  |TAMS 0x0000000085f00000, 0x0000000085e00000| Untracked 
|  95|0x0000000085f00000, 0x0000000086000000, 0x0000000086000000|100%| O|  |TAMS 0x0000000086000000, 0x0000000085f00000| Untracked 
|  96|0x0000000086000000, 0x0000000086100000, 0x0000000086100000|100%| O|  |TAMS 0x0000000086100000, 0x0000000086000000| Untracked 
|  97|0x0000000086100000, 0x0000000086200000, 0x0000000086200000|100%| O|  |TAMS 0x0000000086200000, 0x0000000086100000| Untracked 
|  98|0x0000000086200000, 0x0000000086300000, 0x0000000086300000|100%| O|  |TAMS 0x0000000086300000, 0x0000000086200000| Untracked 
|  99|0x0000000086300000, 0x0000000086400000, 0x0000000086400000|100%|HS|  |TAMS 0x0000000086400000, 0x0000000086300000| Complete 
| 100|0x0000000086400000, 0x0000000086500000, 0x0000000086500000|100%|HS|  |TAMS 0x0000000086500000, 0x0000000086400000| Complete 
| 101|0x0000000086500000, 0x0000000086600000, 0x0000000086600000|100%|HC|  |TAMS 0x0000000086600000, 0x0000000086500000| Complete 
| 102|0x0000000086600000, 0x0000000086700000, 0x0000000086700000|100%|HC|  |TAMS 0x0000000086700000, 0x0000000086600000| Complete 
| 103|0x0000000086700000, 0x0000000086800000, 0x0000000086800000|100%|HC|  |TAMS 0x0000000086800000, 0x0000000086700000| Complete 
| 104|0x0000000086800000, 0x0000000086900000, 0x0000000086900000|100%| O|  |TAMS 0x0000000086900000, 0x0000000086800000| Untracked 
| 105|0x0000000086900000, 0x0000000086a00000, 0x0000000086a00000|100%| O|  |TAMS 0x0000000086a00000, 0x0000000086900000| Untracked 
| 106|0x0000000086a00000, 0x0000000086b00000, 0x0000000086b00000|100%| O|  |TAMS 0x0000000086b00000, 0x0000000086a00000| Untracked 
| 107|0x0000000086b00000, 0x0000000086c00000, 0x0000000086c00000|100%| O|  |TAMS 0x0000000086c00000, 0x0000000086b00000| Untracked 
| 108|0x0000000086c00000, 0x0000000086d00000, 0x0000000086d00000|100%| O|  |TAMS 0x0000000086d00000, 0x0000000086c00000| Untracked 
| 109|0x0000000086d00000, 0x0000000086e00000, 0x0000000086e00000|100%| O|  |TAMS 0x0000000086e00000, 0x0000000086d00000| Untracked 
| 110|0x0000000086e00000, 0x0000000086f00000, 0x0000000086f00000|100%| O|  |TAMS 0x0000000086f00000, 0x0000000086e00000| Untracked 
| 111|0x0000000086f00000, 0x0000000087000000, 0x0000000087000000|100%| O|  |TAMS 0x0000000087000000, 0x0000000086f00000| Untracked 
| 112|0x0000000087000000, 0x0000000087100000, 0x0000000087100000|100%| O|  |TAMS 0x0000000087100000, 0x0000000087000000| Untracked 
| 113|0x0000000087100000, 0x0000000087200000, 0x0000000087200000|100%| O|  |TAMS 0x0000000087200000, 0x0000000087100000| Untracked 
| 114|0x0000000087200000, 0x0000000087300000, 0x0000000087300000|100%| O|  |TAMS 0x0000000087300000, 0x0000000087200000| Untracked 
| 115|0x0000000087300000, 0x0000000087400000, 0x0000000087400000|100%| O|  |TAMS 0x0000000087400000, 0x0000000087300000| Untracked 
| 116|0x0000000087400000, 0x0000000087500000, 0x0000000087500000|100%| O|  |TAMS 0x0000000087500000, 0x0000000087400000| Untracked 
| 117|0x0000000087500000, 0x0000000087600000, 0x0000000087600000|100%| O|  |TAMS 0x0000000087600000, 0x0000000087500000| Untracked 
| 118|0x0000000087600000, 0x0000000087700000, 0x0000000087700000|100%| O|  |TAMS 0x0000000087700000, 0x0000000087600000| Untracked 
| 119|0x0000000087700000, 0x0000000087800000, 0x0000000087800000|100%| O|  |TAMS 0x0000000087800000, 0x0000000087700000| Untracked 
| 120|0x0000000087800000, 0x0000000087900000, 0x0000000087900000|100%| O|  |TAMS 0x0000000087900000, 0x0000000087800000| Untracked 
| 121|0x0000000087900000, 0x0000000087a00000, 0x0000000087a00000|100%| O|  |TAMS 0x0000000087a00000, 0x0000000087900000| Untracked 
| 122|0x0000000087a00000, 0x0000000087b00000, 0x0000000087b00000|100%| O|  |TAMS 0x0000000087b00000, 0x0000000087a00000| Untracked 
| 123|0x0000000087b00000, 0x0000000087b5a400, 0x0000000087c00000| 35%| O|  |TAMS 0x0000000087b5a400, 0x0000000087b00000| Untracked 
| 124|0x0000000087c00000, 0x0000000087c00000, 0x0000000087d00000|  0%| F|  |TAMS 0x0000000087c00000, 0x0000000087c00000| Untracked 
| 125|0x0000000087d00000, 0x0000000087d00000, 0x0000000087e00000|  0%| F|  |TAMS 0x0000000087d00000, 0x0000000087d00000| Untracked 
| 126|0x0000000087e00000, 0x0000000087e00000, 0x0000000087f00000|  0%| F|  |TAMS 0x0000000087e00000, 0x0000000087e00000| Untracked 
| 127|0x0000000087f00000, 0x0000000087f00000, 0x0000000088000000|  0%| F|  |TAMS 0x0000000087f00000, 0x0000000087f00000| Untracked 
| 128|0x0000000088000000, 0x0000000088000000, 0x0000000088100000|  0%| F|  |TAMS 0x0000000088000000, 0x0000000088000000| Untracked 
| 129|0x0000000088100000, 0x0000000088100000, 0x0000000088200000|  0%| F|  |TAMS 0x0000000088100000, 0x0000000088100000| Untracked 
| 130|0x0000000088200000, 0x0000000088200000, 0x0000000088300000|  0%| F|  |TAMS 0x0000000088200000, 0x0000000088200000| Untracked 
| 131|0x0000000088300000, 0x0000000088300000, 0x0000000088400000|  0%| F|  |TAMS 0x0000000088300000, 0x0000000088300000| Untracked 
| 132|0x0000000088400000, 0x0000000088400000, 0x0000000088500000|  0%| F|  |TAMS 0x0000000088400000, 0x0000000088400000| Untracked 
| 133|0x0000000088500000, 0x0000000088500000, 0x0000000088600000|  0%| F|  |TAMS 0x0000000088500000, 0x0000000088500000| Untracked 
| 134|0x0000000088600000, 0x0000000088600000, 0x0000000088700000|  0%| F|  |TAMS 0x0000000088600000, 0x0000000088600000| Untracked 
| 135|0x0000000088700000, 0x0000000088700000, 0x0000000088800000|  0%| F|  |TAMS 0x0000000088700000, 0x0000000088700000| Untracked 
| 136|0x0000000088800000, 0x0000000088800000, 0x0000000088900000|  0%| F|  |TAMS 0x0000000088800000, 0x0000000088800000| Untracked 
| 137|0x0000000088900000, 0x0000000088900000, 0x0000000088a00000|  0%| F|  |TAMS 0x0000000088900000, 0x0000000088900000| Untracked 
| 138|0x0000000088a00000, 0x0000000088a00000, 0x0000000088b00000|  0%| F|  |TAMS 0x0000000088a00000, 0x0000000088a00000| Untracked 
| 139|0x0000000088b00000, 0x0000000088b00000, 0x0000000088c00000|  0%| F|  |TAMS 0x0000000088b00000, 0x0000000088b00000| Untracked 
| 140|0x0000000088c00000, 0x0000000088c00000, 0x0000000088d00000|  0%| F|  |TAMS 0x0000000088c00000, 0x0000000088c00000| Untracked 
| 141|0x0000000088d00000, 0x0000000088d00000, 0x0000000088e00000|  0%| F|  |TAMS 0x0000000088d00000, 0x0000000088d00000| Untracked 
| 142|0x0000000088e00000, 0x0000000088e00000, 0x0000000088f00000|  0%| F|  |TAMS 0x0000000088e00000, 0x0000000088e00000| Untracked 
| 143|0x0000000088f00000, 0x0000000088f00000, 0x0000000089000000|  0%| F|  |TAMS 0x0000000088f00000, 0x0000000088f00000| Untracked 
| 144|0x0000000089000000, 0x0000000089000000, 0x0000000089100000|  0%| F|  |TAMS 0x0000000089000000, 0x0000000089000000| Untracked 
| 145|0x0000000089100000, 0x0000000089100000, 0x0000000089200000|  0%| F|  |TAMS 0x0000000089100000, 0x0000000089100000| Untracked 
| 146|0x0000000089200000, 0x0000000089200000, 0x0000000089300000|  0%| F|  |TAMS 0x0000000089200000, 0x0000000089200000| Untracked 
| 147|0x0000000089300000, 0x0000000089300000, 0x0000000089400000|  0%| F|  |TAMS 0x0000000089300000, 0x0000000089300000| Untracked 
| 148|0x0000000089400000, 0x0000000089400000, 0x0000000089500000|  0%| F|  |TAMS 0x0000000089400000, 0x0000000089400000| Untracked 
| 149|0x0000000089500000, 0x0000000089500000, 0x0000000089600000|  0%| F|  |TAMS 0x0000000089500000, 0x0000000089500000| Untracked 
| 150|0x0000000089600000, 0x00000000896bd2f0, 0x0000000089700000| 73%| S|CS|TAMS 0x0000000089600000, 0x0000000089600000| Complete 
| 151|0x0000000089700000, 0x0000000089800000, 0x0000000089800000|100%| S|CS|TAMS 0x0000000089700000, 0x0000000089700000| Complete 
| 152|0x0000000089800000, 0x0000000089800000, 0x0000000089900000|  0%| F|  |TAMS 0x0000000089800000, 0x0000000089800000| Untracked 
| 153|0x0000000089900000, 0x0000000089a00000, 0x0000000089a00000|100%| S|CS|TAMS 0x0000000089900000, 0x0000000089900000| Complete 
| 154|0x0000000089a00000, 0x0000000089b00000, 0x0000000089b00000|100%| S|CS|TAMS 0x0000000089a00000, 0x0000000089a00000| Complete 
| 155|0x0000000089b00000, 0x0000000089b00000, 0x0000000089c00000|  0%| F|  |TAMS 0x0000000089b00000, 0x0000000089b00000| Untracked 
| 156|0x0000000089c00000, 0x0000000089c00000, 0x0000000089d00000|  0%| F|  |TAMS 0x0000000089c00000, 0x0000000089c00000| Untracked 
| 157|0x0000000089d00000, 0x0000000089d00000, 0x0000000089e00000|  0%| F|  |TAMS 0x0000000089d00000, 0x0000000089d00000| Untracked 
| 158|0x0000000089e00000, 0x0000000089f00000, 0x0000000089f00000|100%| S|CS|TAMS 0x0000000089e00000, 0x0000000089e00000| Complete 
| 159|0x0000000089f00000, 0x0000000089f00000, 0x000000008a000000|  0%| F|  |TAMS 0x0000000089f00000, 0x0000000089f00000| Untracked 
| 160|0x000000008a000000, 0x000000008a000000, 0x000000008a100000|  0%| F|  |TAMS 0x000000008a000000, 0x000000008a000000| Untracked 
| 161|0x000000008a100000, 0x000000008a100000, 0x000000008a200000|  0%| F|  |TAMS 0x000000008a100000, 0x000000008a100000| Untracked 
| 162|0x000000008a200000, 0x000000008a200000, 0x000000008a300000|  0%| F|  |TAMS 0x000000008a200000, 0x000000008a200000| Untracked 
| 163|0x000000008a300000, 0x000000008a300000, 0x000000008a400000|  0%| F|  |TAMS 0x000000008a300000, 0x000000008a300000| Untracked 
| 164|0x000000008a400000, 0x000000008a400000, 0x000000008a500000|  0%| F|  |TAMS 0x000000008a400000, 0x000000008a400000| Untracked 
| 165|0x000000008a500000, 0x000000008a500000, 0x000000008a600000|  0%| F|  |TAMS 0x000000008a500000, 0x000000008a500000| Untracked 
| 166|0x000000008a600000, 0x000000008a600000, 0x000000008a700000|  0%| F|  |TAMS 0x000000008a600000, 0x000000008a600000| Untracked 
| 167|0x000000008a700000, 0x000000008a700000, 0x000000008a800000|  0%| F|  |TAMS 0x000000008a700000, 0x000000008a700000| Untracked 
| 168|0x000000008a800000, 0x000000008a800000, 0x000000008a900000|  0%| F|  |TAMS 0x000000008a800000, 0x000000008a800000| Untracked 
| 169|0x000000008a900000, 0x000000008a900000, 0x000000008aa00000|  0%| F|  |TAMS 0x000000008a900000, 0x000000008a900000| Untracked 
| 170|0x000000008aa00000, 0x000000008aa00000, 0x000000008ab00000|  0%| F|  |TAMS 0x000000008aa00000, 0x000000008aa00000| Untracked 
| 171|0x000000008ab00000, 0x000000008abf7998, 0x000000008ac00000| 96%| E|  |TAMS 0x000000008ab00000, 0x000000008ab00000| Complete 
| 172|0x000000008ac00000, 0x000000008ad00000, 0x000000008ad00000|100%| E|CS|TAMS 0x000000008ac00000, 0x000000008ac00000| Complete 
| 173|0x000000008ad00000, 0x000000008ae00000, 0x000000008ae00000|100%| E|CS|TAMS 0x000000008ad00000, 0x000000008ad00000| Complete 
| 174|0x000000008ae00000, 0x000000008af00000, 0x000000008af00000|100%| E|CS|TAMS 0x000000008ae00000, 0x000000008ae00000| Complete 
| 175|0x000000008af00000, 0x000000008b000000, 0x000000008b000000|100%| E|CS|TAMS 0x000000008af00000, 0x000000008af00000| Complete 
| 176|0x000000008b000000, 0x000000008b100000, 0x000000008b100000|100%| E|  |TAMS 0x000000008b000000, 0x000000008b000000| Complete 
| 177|0x000000008b100000, 0x000000008b200000, 0x000000008b200000|100%| E|CS|TAMS 0x000000008b100000, 0x000000008b100000| Complete 
| 178|0x000000008b200000, 0x000000008b300000, 0x000000008b300000|100%| E|CS|TAMS 0x000000008b200000, 0x000000008b200000| Complete 
| 179|0x000000008b300000, 0x000000008b400000, 0x000000008b400000|100%| E|CS|TAMS 0x000000008b300000, 0x000000008b300000| Complete 
| 180|0x000000008b400000, 0x000000008b500000, 0x000000008b500000|100%| E|CS|TAMS 0x000000008b400000, 0x000000008b400000| Complete 
| 181|0x000000008b500000, 0x000000008b600000, 0x000000008b600000|100%| E|CS|TAMS 0x000000008b500000, 0x000000008b500000| Complete 
| 182|0x000000008b600000, 0x000000008b700000, 0x000000008b700000|100%| E|CS|TAMS 0x000000008b600000, 0x000000008b600000| Complete 
| 183|0x000000008b700000, 0x000000008b800000, 0x000000008b800000|100%| E|CS|TAMS 0x000000008b700000, 0x000000008b700000| Complete 
| 184|0x000000008b800000, 0x000000008b900000, 0x000000008b900000|100%| E|CS|TAMS 0x000000008b800000, 0x000000008b800000| Complete 
| 185|0x000000008b900000, 0x000000008ba00000, 0x000000008ba00000|100%| E|CS|TAMS 0x000000008b900000, 0x000000008b900000| Complete 
| 186|0x000000008ba00000, 0x000000008bb00000, 0x000000008bb00000|100%| E|CS|TAMS 0x000000008ba00000, 0x000000008ba00000| Complete 
| 187|0x000000008bb00000, 0x000000008bc00000, 0x000000008bc00000|100%| E|CS|TAMS 0x000000008bb00000, 0x000000008bb00000| Complete 
| 188|0x000000008bc00000, 0x000000008bd00000, 0x000000008bd00000|100%| E|CS|TAMS 0x000000008bc00000, 0x000000008bc00000| Complete 
| 189|0x000000008bd00000, 0x000000008be00000, 0x000000008be00000|100%| E|CS|TAMS 0x000000008bd00000, 0x000000008bd00000| Complete 
| 190|0x000000008be00000, 0x000000008bf00000, 0x000000008bf00000|100%| E|CS|TAMS 0x000000008be00000, 0x000000008be00000| Complete 
| 191|0x000000008bf00000, 0x000000008c000000, 0x000000008c000000|100%| E|CS|TAMS 0x000000008bf00000, 0x000000008bf00000| Complete 
| 192|0x000000008c000000, 0x000000008c100000, 0x000000008c100000|100%| E|CS|TAMS 0x000000008c000000, 0x000000008c000000| Complete 
| 193|0x000000008c100000, 0x000000008c200000, 0x000000008c200000|100%| E|CS|TAMS 0x000000008c100000, 0x000000008c100000| Complete 
| 194|0x000000008c200000, 0x000000008c300000, 0x000000008c300000|100%| E|CS|TAMS 0x000000008c200000, 0x000000008c200000| Complete 
| 195|0x000000008c300000, 0x000000008c400000, 0x000000008c400000|100%| E|CS|TAMS 0x000000008c300000, 0x000000008c300000| Complete 
| 196|0x000000008c400000, 0x000000008c500000, 0x000000008c500000|100%| E|CS|TAMS 0x000000008c400000, 0x000000008c400000| Complete 

Card table byte_map: [0x0000028f2c6d0000,0x0000028f2cad0000] _byte_map_base: 0x0000028f2c2d0000

Marking Bits (Prev, Next): (CMBitMap*) 0x0000028f1739fed0, (CMBitMap*) 0x0000028f1739fe98
 Prev Bits: [0x0000028f2eed0000, 0x0000028f30ed0000)
 Next Bits: [0x0000028f2ced0000, 0x0000028f2eed0000)

Polling page: 0x0000028f17440000

Metaspace:

Usage:
  Non-class:     95.54 MB capacity,    93.89 MB ( 98%) used,     1.36 MB (  1%) free+waste,   295.19 KB ( <1%) overhead. 
      Class:     14.39 MB capacity,    13.44 MB ( 93%) used,   844.19 KB (  6%) free+waste,   131.44 KB ( <1%) overhead. 
       Both:    109.93 MB capacity,   107.33 MB ( 98%) used,     2.18 MB (  2%) free+waste,   426.63 KB ( <1%) overhead. 

Virtual space:
  Non-class space:       96.00 MB reserved,      95.75 MB (>99%) committed 
      Class space:        1.00 GB reserved,      14.50 MB (  1%) committed 
             Both:        1.09 GB reserved,     110.25 MB ( 10%) committed 

Chunk freelists:
   Non-Class:  0 bytes
       Class:  0 bytes
        Both:  0 bytes

MaxMetaspaceSize: 17179869184.00 GB
CompressedClassSpaceSize: 1.00 GB
Initial GC threshold: 20.80 MB
Current GC threshold: 182.71 MB
CDS: off

CodeHeap 'non-profiled nmethods': size=120000Kb used=7822Kb max_used=7822Kb free=112177Kb
 bounds [0x0000028f24110000, 0x0000028f248c0000, 0x0000028f2b640000]
CodeHeap 'profiled nmethods': size=120000Kb used=28150Kb max_used=28150Kb free=91849Kb
 bounds [0x0000028f1cbe0000, 0x0000028f1e760000, 0x0000028f24110000]
CodeHeap 'non-nmethods': size=5760Kb used=2435Kb max_used=2487Kb free=3324Kb
 bounds [0x0000028f1c640000, 0x0000028f1c8c0000, 0x0000028f1cbe0000]
 total_blobs=13620 nmethods=12661 adapters=871
 compilation: enabled
              stopped_count=0, restarted_count=0
 full_count=0

Compilation events (20 events):
Event: 957.025 Thread 0x0000028f33bf5000 nmethod 12737 0x0000028f1e753810 code [0x0000028f1e753a20, 0x0000028f1e754008]
Event: 957.081 Thread 0x0000028f33bf2000 12738       4       org.gradle.api.internal.attributes.DefaultImmutableAttributes::isPresent (13 bytes)
Event: 957.081 Thread 0x0000028f33bf2000 nmethod 12738 0x0000028f248b2c90 code [0x0000028f248b2e20, 0x0000028f248b2e98]
Event: 957.082 Thread 0x0000028f33bf5000 12739       3       java.util.BitSet::cardinality (32 bytes)
Event: 957.087 Thread 0x0000028f33bf5000 nmethod 12739 0x0000028f1e754210 code [0x0000028f1e7543e0, 0x0000028f1e754608]
Event: 957.100 Thread 0x0000028f33bf2000 12740       4       java.util.Formatter$Conversion::isGeneral (64 bytes)
Event: 957.100 Thread 0x0000028f33bf2000 nmethod 12740 0x0000028f248b2f90 code [0x0000028f248b3120, 0x0000028f248b31b8]
Event: 957.101 Thread 0x0000028f33bf5000 12741       3       org.gradle.api.internal.artifacts.dsl.CapabilityNotationParserFactory::<init> (10 bytes)
Event: 957.101 Thread 0x0000028f33bf5000 nmethod 12741 0x0000028f1e754710 code [0x0000028f1e7548c0, 0x0000028f1e754a18]
Event: 957.101 Thread 0x0000028f33bf5000 12742       3       org.gradle.api.internal.artifacts.dsl.CapabilityNotationParserFactory::create (17 bytes)
Event: 957.102 Thread 0x0000028f33bf5000 nmethod 12742 0x0000028f1e754b10 code [0x0000028f1e754cc0, 0x0000028f1e754e38]
Event: 957.105 Thread 0x0000028f33bf5000 12743       3       org.gradle.internal.component.external.model.AbstractLazyModuleComponentResolveMetadata::getVariants (5 bytes)
Event: 957.106 Thread 0x0000028f33bf5000 nmethod 12743 0x0000028f1e754f10 code [0x0000028f1e7550c0, 0x0000028f1e7551d8]
Event: 957.107 Thread 0x0000028f33bf5000 12744       3       java.util.Formatter$FormatSpecifier::print (63 bytes)
Event: 957.108 Thread 0x0000028f33bf5000 nmethod 12744 0x0000028f1e755290 code [0x0000028f1e755520, 0x0000028f1e755f18]
Event: 957.108 Thread 0x0000028f33bf2000 12745       4       org.gradle.internal.service.DefaultServiceRegistry$ClassInspector$ClassDetails::collectTypes (63 bytes)
Event: 957.109 Thread 0x0000028f33bf5000 12746       1       org.gradle.StartParameter::isOffline (5 bytes)
Event: 957.109 Thread 0x0000028f33bf5000 nmethod 12746 0x0000028f248b3290 code [0x0000028f248b3440, 0x0000028f248b34f8]
Event: 957.109 Thread 0x0000028f33bf5000 12747       1       java.net.URI::getRawPath (5 bytes)
Event: 957.110 Thread 0x0000028f33bf5000 nmethod 12747 0x0000028f248b3590 code [0x0000028f248b3740, 0x0000028f248b37f8]

GC Heap History (20 events):
Event: 34.232 GC heap before
{Heap before GC invocations=75 (full 0):
 garbage-first heap   total 201728K, used 150403K [0x0000000080000000, 0x0000000100000000)
  region size 1024K, 43 young (44032K), 5 survivors (5120K)
 Metaspace       used 84903K, capacity 87098K, committed 87296K, reserved 1124352K
  class space    used 10941K, capacity 11716K, committed 11776K, reserved 1048576K
}
Event: 34.239 GC heap after
{Heap after GC invocations=76 (full 0):
 garbage-first heap   total 201728K, used 113599K [0x0000000080000000, 0x0000000100000000)
  region size 1024K, 2 young (2048K), 2 survivors (2048K)
 Metaspace       used 84903K, capacity 87098K, committed 87296K, reserved 1124352K
  class space    used 10941K, capacity 11716K, committed 11776K, reserved 1048576K
}
Event: 34.689 GC heap before
{Heap before GC invocations=77 (full 0):
 garbage-first heap   total 201728K, used 123839K [0x0000000080000000, 0x0000000100000000)
  region size 1024K, 13 young (13312K), 2 survivors (2048K)
 Metaspace       used 86453K, capacity 88644K, committed 88832K, reserved 1126400K
  class space    used 11124K, capacity 11909K, committed 12032K, reserved 1048576K
}
Event: 34.694 GC heap after
{Heap after GC invocations=78 (full 0):
 garbage-first heap   total 201728K, used 114313K [0x0000000080000000, 0x0000000100000000)
  region size 1024K, 3 young (3072K), 3 survivors (3072K)
 Metaspace       used 86453K, capacity 88644K, committed 88832K, reserved 1126400K
  class space    used 11124K, capacity 11909K, committed 12032K, reserved 1048576K
}
Event: 36.174 GC heap before
{Heap before GC invocations=79 (full 0):
 garbage-first heap   total 201728K, used 150153K [0x0000000080000000, 0x0000000100000000)
  region size 1024K, 37 young (37888K), 3 survivors (3072K)
 Metaspace       used 92063K, capacity 94215K, committed 94336K, reserved 1130496K
  class space    used 11808K, capacity 12602K, committed 12672K, reserved 1048576K
}
Event: 36.179 GC heap after
{Heap after GC invocations=80 (full 0):
 garbage-first heap   total 201728K, used 115436K [0x0000000080000000, 0x0000000100000000)
  region size 1024K, 4 young (4096K), 4 survivors (4096K)
 Metaspace       used 92063K, capacity 94215K, committed 94336K, reserved 1130496K
  class space    used 11808K, capacity 12602K, committed 12672K, reserved 1048576K
}
Event: 37.357 GC heap before
{Heap before GC invocations=80 (full 0):
 garbage-first heap   total 201728K, used 152300K [0x0000000080000000, 0x0000000100000000)
  region size 1024K, 40 young (40960K), 4 survivors (4096K)
 Metaspace       used 95029K, capacity 97331K, committed 97536K, reserved 1134592K
  class space    used 12212K, capacity 13032K, committed 13056K, reserved 1048576K
}
Event: 37.365 GC heap after
{Heap after GC invocations=81 (full 0):
 garbage-first heap   total 201728K, used 118079K [0x0000000080000000, 0x0000000100000000)
  region size 1024K, 5 young (5120K), 5 survivors (5120K)
 Metaspace       used 95029K, capacity 97331K, committed 97536K, reserved 1134592K
  class space    used 12212K, capacity 13032K, committed 13056K, reserved 1048576K
}
Event: 38.829 GC heap before
{Heap before GC invocations=82 (full 0):
 garbage-first heap   total 201728K, used 153919K [0x0000000080000000, 0x0000000100000000)
  region size 1024K, 41 young (41984K), 5 survivors (5120K)
 Metaspace       used 98045K, capacity 100450K, committed 100480K, reserved 1136640K
  class space    used 12551K, capacity 13423K, committed 13440K, reserved 1048576K
}
Event: 38.837 GC heap after
{Heap after GC invocations=83 (full 0):
 garbage-first heap   total 201728K, used 121225K [0x0000000080000000, 0x0000000100000000)
  region size 1024K, 6 young (6144K), 6 survivors (6144K)
 Metaspace       used 98045K, capacity 100450K, committed 100480K, reserved 1136640K
  class space    used 12551K, capacity 13423K, committed 13440K, reserved 1048576K
}
Event: 39.924 GC heap before
{Heap before GC invocations=83 (full 0):
 garbage-first heap   total 201728K, used 158089K [0x0000000080000000, 0x0000000100000000)
  region size 1024K, 43 young (44032K), 6 survivors (6144K)
 Metaspace       used 98545K, capacity 100954K, committed 101120K, reserved 1136640K
  class space    used 12586K, capacity 13457K, committed 13568K, reserved 1048576K
}
Event: 39.933 GC heap after
{Heap after GC invocations=84 (full 0):
 garbage-first heap   total 201728K, used 123259K [0x0000000080000000, 0x0000000100000000)
  region size 1024K, 3 young (3072K), 3 survivors (3072K)
 Metaspace       used 98545K, capacity 100954K, committed 101120K, reserved 1136640K
  class space    used 12586K, capacity 13457K, committed 13568K, reserved 1048576K
}
Event: 41.114 GC heap before
{Heap before GC invocations=85 (full 0):
 garbage-first heap   total 201728K, used 161147K [0x0000000080000000, 0x0000000100000000)
  region size 1024K, 40 young (40960K), 3 survivors (3072K)
 Metaspace       used 99572K, capacity 101961K, committed 102144K, reserved 1138688K
  class space    used 12680K, capacity 13562K, committed 13568K, reserved 1048576K
}
Event: 41.120 GC heap after
{Heap after GC invocations=86 (full 0):
 garbage-first heap   total 201728K, used 125530K [0x0000000080000000, 0x0000000100000000)
  region size 1024K, 5 young (5120K), 5 survivors (5120K)
 Metaspace       used 99572K, capacity 101961K, committed 102144K, reserved 1138688K
  class space    used 12680K, capacity 13562K, committed 13568K, reserved 1048576K
}
Event: 41.990 GC heap before
{Heap before GC invocations=86 (full 0):
 garbage-first heap   total 201728K, used 163418K [0x0000000080000000, 0x0000000100000000)
  region size 1024K, 43 young (44032K), 5 survivors (5120K)
 Metaspace       used 101983K, capacity 104432K, committed 104576K, reserved 1140736K
  class space    used 13002K, capacity 13915K, committed 13952K, reserved 1048576K
}
Event: 41.997 GC heap after
{Heap after GC invocations=87 (full 0):
 garbage-first heap   total 201728K, used 126276K [0x0000000080000000, 0x0000000100000000)
  region size 1024K, 4 young (4096K), 4 survivors (4096K)
 Metaspace       used 101983K, capacity 104432K, committed 104576K, reserved 1140736K
  class space    used 13002K, capacity 13915K, committed 13952K, reserved 1048576K
}
Event: 42.674 GC heap before
{Heap before GC invocations=88 (full 0):
 garbage-first heap   total 201728K, used 166212K [0x0000000080000000, 0x0000000100000000)
  region size 1024K, 43 young (44032K), 4 survivors (4096K)
 Metaspace       used 104670K, capacity 107021K, committed 107136K, reserved 1142784K
  class space    used 13302K, capacity 14202K, committed 14208K, reserved 1048576K
}
Event: 42.680 GC heap after
{Heap after GC invocations=89 (full 0):
 garbage-first heap   total 201728K, used 128961K [0x0000000080000000, 0x0000000100000000)
  region size 1024K, 4 young (4096K), 4 survivors (4096K)
 Metaspace       used 104670K, capacity 107021K, committed 107136K, reserved 1142784K
  class space    used 13302K, capacity 14202K, committed 14208K, reserved 1048576K
}
Event: 128.649 GC heap before
{Heap before GC invocations=89 (full 0):
 garbage-first heap   total 201728K, used 166849K [0x0000000080000000, 0x0000000100000000)
  region size 1024K, 42 young (43008K), 4 survivors (4096K)
 Metaspace       used 109480K, capacity 112141K, committed 112256K, reserved 1146880K
  class space    used 13736K, capacity 14697K, committed 14720K, reserved 1048576K
}
Event: 128.823 GC heap after
{Heap after GC invocations=90 (full 0):
 garbage-first heap   total 201728K, used 131165K [0x0000000080000000, 0x0000000100000000)
  region size 1024K, 5 young (5120K), 5 survivors (5120K)
 Metaspace       used 109480K, capacity 112141K, committed 112256K, reserved 1146880K
  class space    used 13736K, capacity 14697K, committed 14720K, reserved 1048576K
}

Deoptimization events (20 events):
Event: 955.148 Thread 0x0000028f3b0b6800 DEOPT PACKING pc=0x0000028f245e9d50 sp=0x000000a1127f9ba0
Event: 955.148 Thread 0x0000028f3b0b6800 DEOPT UNPACKING pc=0x0000028f1c68a1af sp=0x000000a1127f9b68 mode 2
Event: 956.752 Thread 0x0000028f3b0b6800 Uncommon trap: trap_request=0xffffffde fr.pc=0x0000028f24848c58 relative=0x00000000000000b8
Event: 956.752 Thread 0x0000028f3b0b6800 Uncommon trap: reason=class_check action=maybe_recompile pc=0x0000028f24848c58 method=java.util.RegularEnumSet.contains(Ljava/lang/Object;)Z @ 38 c2
Event: 956.752 Thread 0x0000028f3b0b6800 DEOPT PACKING pc=0x0000028f24848c58 sp=0x000000a1127fb4f0
Event: 956.753 Thread 0x0000028f3b0b6800 DEOPT UNPACKING pc=0x0000028f1c68a1af sp=0x000000a1127fb478 mode 2
Event: 956.849 Thread 0x0000028f3b0b6800 Uncommon trap: trap_request=0xffffff4d fr.pc=0x0000028f246eb5fc relative=0x00000000000006bc
Event: 956.849 Thread 0x0000028f3b0b6800 Uncommon trap: reason=unstable_if action=reinterpret pc=0x0000028f246eb5fc method=java.lang.ThreadLocal$ThreadLocalMap.remove(Ljava/lang/ThreadLocal;)V @ 26 c2
Event: 956.849 Thread 0x0000028f3b0b6800 DEOPT PACKING pc=0x0000028f246eb5fc sp=0x000000a1127f9d50
Event: 956.849 Thread 0x0000028f3b0b6800 DEOPT UNPACKING pc=0x0000028f1c68a1af sp=0x000000a1127f9c98 mode 2
Event: 956.853 Thread 0x0000028f3b0b6800 Uncommon trap: trap_request=0xffffffde fr.pc=0x0000028f247231f4 relative=0x00000000000009f4
Event: 956.854 Thread 0x0000028f3b0b6800 Uncommon trap: reason=class_check action=maybe_recompile pc=0x0000028f247231f4 method=org.gradle.tooling.internal.provider.runner.ClientBuildEventGenerator.started(Lorg/gradle/internal/operations/BuildOperationDescriptor;Lorg/gradle/internal/operations/Op
Event: 956.854 Thread 0x0000028f3b0b6800 DEOPT PACKING pc=0x0000028f247231f4 sp=0x000000a1127fadd0
Event: 956.855 Thread 0x0000028f3b0b6800 DEOPT UNPACKING pc=0x0000028f1c68a1af sp=0x000000a1127fad90 mode 2
Event: 956.856 Thread 0x0000028f3b0b6800 Uncommon trap: trap_request=0xffffffde fr.pc=0x0000028f24848c58 relative=0x00000000000000b8
Event: 956.856 Thread 0x0000028f3b0b6800 Uncommon trap: reason=class_check action=maybe_recompile pc=0x0000028f24848c58 method=java.util.RegularEnumSet.contains(Ljava/lang/Object;)Z @ 38 c2
Event: 956.856 Thread 0x0000028f3b0b6800 DEOPT PACKING pc=0x0000028f24848c58 sp=0x000000a1127fa050
Event: 956.856 Thread 0x0000028f3b0b6800 DEOPT UNPACKING pc=0x0000028f1c68a1af sp=0x000000a1127f9fd8 mode 2
Event: 957.019 Thread 0x0000028f3b0b6800 DEOPT PACKING pc=0x0000028f1d51bd71 sp=0x000000a1127f8730
Event: 957.019 Thread 0x0000028f3b0b6800 DEOPT UNPACKING pc=0x0000028f1c68a95e sp=0x000000a1127f7c28 mode 0

Classes redefined (0 events):
No events

Internal exceptions (20 events):
Event: 43.092 Thread 0x0000028f360c2800 Exception <a 'java/lang/NoSuchMethodError'{0x000000008b739e58}: <clinit>> (0x000000008b739e58) thrown at [./src/hotspot/share/prims/jni.cpp, line 1365]
Event: 43.093 Thread 0x0000028f360c2800 Exception <a 'java/lang/NoSuchMethodError'{0x000000008b75c318}: <clinit>> (0x000000008b75c318) thrown at [./src/hotspot/share/prims/jni.cpp, line 1365]
Event: 43.213 Thread 0x0000028f35581800 Exception <a 'java/lang/NoSuchMethodError'{0x000000008b392100}: <clinit>> (0x000000008b392100) thrown at [./src/hotspot/share/prims/jni.cpp, line 1365]
Event: 43.214 Thread 0x0000028f35581800 Exception <a 'java/lang/NoSuchMethodError'{0x000000008b3a3cb0}: <clinit>> (0x000000008b3a3cb0) thrown at [./src/hotspot/share/prims/jni.cpp, line 1365]
Event: 43.216 Thread 0x0000028f35581800 Exception <a 'java/lang/NoSuchMethodError'{0x000000008b3bdfb0}: <clinit>> (0x000000008b3bdfb0) thrown at [./src/hotspot/share/prims/jni.cpp, line 1365]
Event: 43.222 Thread 0x0000028f35581800 Exception <a 'java/lang/NoSuchMethodError'{0x000000008b3dbbe8}: <clinit>> (0x000000008b3dbbe8) thrown at [./src/hotspot/share/prims/jni.cpp, line 1365]
Event: 43.223 Thread 0x0000028f35581800 Exception <a 'java/lang/NoSuchMethodError'{0x000000008b3eb7d0}: <clinit>> (0x000000008b3eb7d0) thrown at [./src/hotspot/share/prims/jni.cpp, line 1365]
Event: 43.255 Thread 0x0000028f3fa84000 Exception <a 'sun/nio/fs/WindowsException'{0x000000008b281e58}> (0x000000008b281e58) thrown at [./src/hotspot/share/prims/jni.cpp, line 615]
Event: 45.597 Thread 0x0000028f35d6d800 Implicit null exception at 0x0000028f241471f4 to 0x0000028f24147780
Event: 45.604 Thread 0x0000028f35d6d800 Implicit null exception at 0x0000028f2452ef14 to 0x0000028f2452f564
Event: 952.707 Thread 0x0000028f3696c800 Exception <a 'sun/nio/fs/WindowsException'{0x000000008b17a098}> (0x000000008b17a098) thrown at [./src/hotspot/share/prims/jni.cpp, line 615]
Event: 952.812 Thread 0x0000028f3696c800 Exception <a 'sun/nio/fs/WindowsException'{0x000000008b012500}> (0x000000008b012500) thrown at [./src/hotspot/share/prims/jni.cpp, line 615]
Event: 952.815 Thread 0x0000028f3696c800 Exception <a 'sun/nio/fs/WindowsException'{0x000000008b012678}> (0x000000008b012678) thrown at [./src/hotspot/share/prims/jni.cpp, line 615]
Event: 954.492 Thread 0x0000028f3b0b6800 Exception <a 'java/lang/ClassNotFoundException'{0x000000008b0863d0}: sync_studio_tooling339_67rxjndumjxezovdaykrsdv2fBeanInfo> (0x000000008b0863d0) thrown at [./src/hotspot/share/classfile/systemDictionary.cpp, line 231]
Event: 954.509 Thread 0x0000028f3b0b6800 Exception <a 'java/lang/ClassNotFoundException'{0x000000008b093ed0}: sync_studio_tooling339_67rxjndumjxezovdaykrsdv2fCustomizer> (0x000000008b093ed0) thrown at [./src/hotspot/share/classfile/systemDictionary.cpp, line 231]
Event: 955.248 Thread 0x0000028f3696e000 Exception <a 'sun/nio/fs/WindowsException'{0x000000008af0d380}> (0x000000008af0d380) thrown at [./src/hotspot/share/prims/jni.cpp, line 615]
Event: 955.271 Thread 0x0000028f3696e000 Exception <a 'sun/nio/fs/WindowsException'{0x000000008af74750}> (0x000000008af74750) thrown at [./src/hotspot/share/prims/jni.cpp, line 615]
Event: 955.272 Thread 0x0000028f3696e000 Exception <a 'sun/nio/fs/WindowsException'{0x000000008af748b8}> (0x000000008af748b8) thrown at [./src/hotspot/share/prims/jni.cpp, line 615]
Event: 956.369 Thread 0x0000028f3b0b6800 Exception <a 'java/lang/ClassNotFoundException'{0x000000008aff4d18}: sync_studio_tooling339_67rxjndumjxezovdaykrsdv2fBeanInfo> (0x000000008aff4d18) thrown at [./src/hotspot/share/classfile/systemDictionary.cpp, line 231]
Event: 956.373 Thread 0x0000028f3b0b6800 Exception <a 'java/lang/ClassNotFoundException'{0x000000008ae02a38}: sync_studio_tooling339_67rxjndumjxezovdaykrsdv2fCustomizer> (0x000000008ae02a38) thrown at [./src/hotspot/share/classfile/systemDictionary.cpp, line 231]

Events (20 events):
Event: 956.590 Executing VM operation: RevokeBias
Event: 956.590 Executing VM operation: RevokeBias done
Event: 956.592 Executing VM operation: RevokeBias
Event: 956.592 Executing VM operation: RevokeBias done
Event: 956.743 Thread 0x0000028f3b0c3000 Thread added: 0x0000028f3b0c3000
Event: 956.832 Thread 0x0000028f3b0c1800 Thread added: 0x0000028f3b0c1800
Event: 956.864 Executing VM operation: RevokeBias
Event: 956.866 Executing VM operation: RevokeBias done
Event: 956.868 Executing VM operation: RevokeBias
Event: 956.869 Executing VM operation: RevokeBias done
Event: 956.887 Executing VM operation: RevokeBias
Event: 956.888 Executing VM operation: RevokeBias done
Event: 956.903 Executing VM operation: RevokeBias
Event: 956.903 Executing VM operation: RevokeBias done
Event: 956.904 Executing VM operation: RevokeBias
Event: 956.904 Executing VM operation: RevokeBias done
Event: 957.043 Executing VM operation: RevokeBias
Event: 957.046 Executing VM operation: RevokeBias done
Event: 957.094 Executing VM operation: RevokeBias
Event: 957.095 Executing VM operation: RevokeBias done


Dynamic libraries:
0x00007ff6259f0000 - 0x00007ff6259fa000 	C:\Program Files\Android\Android Studio\jre\bin\java.exe
0x00007ff9cabf0000 - 0x00007ff9cade7000 	C:\Windows\SYSTEM32\ntdll.dll
0x00007ff9c95d0000 - 0x00007ff9c968d000 	C:\Windows\System32\KERNEL32.DLL
0x00007ff9c8980000 - 0x00007ff9c8c4d000 	C:\Windows\System32\KERNELBASE.dll
0x00007ff9c8740000 - 0x00007ff9c8840000 	C:\Windows\System32\ucrtbase.dll
0x00007ff9a51d0000 - 0x00007ff9a51e9000 	C:\Program Files\Android\Android Studio\jre\bin\jli.dll
0x00007ff9a6970000 - 0x00007ff9a6987000 	C:\Program Files\Android\Android Studio\jre\bin\VCRUNTIME140.dll
0x00007ff9c9350000 - 0x00007ff9c94f0000 	C:\Windows\System32\USER32.dll
0x00007ff9c83d0000 - 0x00007ff9c83f2000 	C:\Windows\System32\win32u.dll
0x00007ff9caa50000 - 0x00007ff9caa7a000 	C:\Windows\System32\GDI32.dll
0x00007ff9b6e50000 - 0x00007ff9b70ea000 	C:\Windows\WinSxS\amd64_microsoft.windows.common-controls_6595b64144ccf1df_6.0.19041.1110_none_60b5254171f9507e\COMCTL32.dll
0x00007ff9c84d0000 - 0x00007ff9c85db000 	C:\Windows\System32\gdi32full.dll
0x00007ff9c9f30000 - 0x00007ff9c9fce000 	C:\Windows\System32\msvcrt.dll
0x00007ff9c8400000 - 0x00007ff9c849d000 	C:\Windows\System32\msvcp_win.dll
0x00007ff9c9320000 - 0x00007ff9c9350000 	C:\Windows\System32\IMM32.DLL
0x00007ff9a3830000 - 0x00007ff9a38cd000 	C:\Program Files\Android\Android Studio\jre\bin\msvcp140.dll
0x00007ff9a4290000 - 0x00007ff9a4d75000 	C:\Program Files\Android\Android Studio\jre\bin\server\jvm.dll
0x00007ff9c9e80000 - 0x00007ff9c9f2e000 	C:\Windows\System32\ADVAPI32.dll
0x00007ff9cab10000 - 0x00007ff9cabac000 	C:\Windows\System32\sechost.dll
0x00007ff9c9ba0000 - 0x00007ff9c9cc5000 	C:\Windows\System32\RPCRT4.dll
0x00007ff9c60a0000 - 0x00007ff9c60c7000 	C:\Windows\SYSTEM32\WINMM.dll
0x00007ff9ca0e0000 - 0x00007ff9ca0e8000 	C:\Windows\System32\PSAPI.DLL
0x00007ff9be8b0000 - 0x00007ff9be8ba000 	C:\Windows\SYSTEM32\VERSION.dll
0x00007ff98df60000 - 0x00007ff98df69000 	C:\Windows\SYSTEM32\WSOCK32.dll
0x00007ff9c9b30000 - 0x00007ff9c9b9b000 	C:\Windows\System32\WS2_32.dll
0x00007ff9c6ba0000 - 0x00007ff9c6bb2000 	C:\Windows\SYSTEM32\kernel.appcore.dll
0x00007ff9c3570000 - 0x00007ff9c3581000 	C:\Program Files\Android\Android Studio\jre\bin\verify.dll
0x00007ff9c5e60000 - 0x00007ff9c6044000 	C:\Windows\SYSTEM32\DBGHELP.DLL
0x00007ff9c6050000 - 0x00007ff9c607c000 	C:\Windows\SYSTEM32\dbgcore.DLL
0x00007ff9c8840000 - 0x00007ff9c88c2000 	C:\Windows\System32\bcryptPrimitives.dll
0x00007ff9c2050000 - 0x00007ff9c2079000 	C:\Program Files\Android\Android Studio\jre\bin\java.dll
0x00007ff9c3560000 - 0x00007ff9c356b000 	C:\Program Files\Android\Android Studio\jre\bin\jimage.dll
0x00007ff9a68f0000 - 0x00007ff9a6908000 	C:\Program Files\Android\Android Studio\jre\bin\zip.dll
0x00007ff9ca210000 - 0x00007ff9ca954000 	C:\Windows\System32\SHELL32.dll
0x00007ff9c63f0000 - 0x00007ff9c6b84000 	C:\Windows\SYSTEM32\windows.storage.dll
0x00007ff9c9690000 - 0x00007ff9c99e4000 	C:\Windows\System32\combase.dll
0x00007ff9c7ca0000 - 0x00007ff9c7ccc000 	C:\Windows\SYSTEM32\Wldp.dll
0x00007ff9ca030000 - 0x00007ff9ca0dd000 	C:\Windows\System32\SHCORE.dll
0x00007ff9ca1b0000 - 0x00007ff9ca205000 	C:\Windows\System32\shlwapi.dll
0x00007ff9c8250000 - 0x00007ff9c826f000 	C:\Windows\SYSTEM32\profapi.dll
0x00007ff9a5540000 - 0x00007ff9a555a000 	C:\Program Files\Android\Android Studio\jre\bin\net.dll
0x00007ff9bc390000 - 0x00007ff9bc49a000 	C:\Windows\SYSTEM32\WINHTTP.dll
0x00007ff9c7a00000 - 0x00007ff9c7a6a000 	C:\Windows\system32\mswsock.dll
0x00007ff9a5520000 - 0x00007ff9a5534000 	C:\Program Files\Android\Android Studio\jre\bin\nio.dll
0x00007ff9a5250000 - 0x00007ff9a5277000 	C:\Users\LENOVO\.gradle\native\e1d6ef7f7dcc3fd88c89a11ec53ec762bb8ba0a96d01ffa2cd45eb1d1d8dd5c5\windows-amd64\native-platform.dll
0x00007ff9817d0000 - 0x00007ff981914000 	C:\Users\LENOVO\.gradle\native\5664cfc778a61ccfe75a443a1ab52a65af34e5dc3c78e0209fed803814484fcb\windows-amd64\native-platform-file-events.dll
0x00007ff9c2690000 - 0x00007ff9c269a000 	C:\Program Files\Android\Android Studio\jre\bin\management.dll
0x00007ff9c20b0000 - 0x00007ff9c20bd000 	C:\Program Files\Android\Android Studio\jre\bin\management_ext.dll
0x00007ff9c7bf0000 - 0x00007ff9c7c08000 	C:\Windows\SYSTEM32\CRYPTSP.dll
0x00007ff9c7380000 - 0x00007ff9c73b4000 	C:\Windows\system32\rsaenh.dll
0x00007ff9c84a0000 - 0x00007ff9c84c7000 	C:\Windows\System32\bcrypt.dll
0x00007ff9c8210000 - 0x00007ff9c823e000 	C:\Windows\SYSTEM32\USERENV.dll
0x00007ff9c7c10000 - 0x00007ff9c7c1c000 	C:\Windows\SYSTEM32\CRYPTBASE.dll
0x00007ff9c76f0000 - 0x00007ff9c772b000 	C:\Windows\SYSTEM32\IPHLPAPI.DLL
0x00007ff9cab00000 - 0x00007ff9cab08000 	C:\Windows\System32\NSI.dll
0x00007ff9be0c0000 - 0x00007ff9be0d7000 	C:\Windows\SYSTEM32\dhcpcsvc6.DLL
0x00007ff9be950000 - 0x00007ff9be96d000 	C:\Windows\SYSTEM32\dhcpcsvc.DLL
0x00007ff9c7730000 - 0x00007ff9c77fb000 	C:\Windows\SYSTEM32\DNSAPI.dll

dbghelp: loaded successfully - version: 4.0.5 - missing functions: none
symbol engine: initialized successfully - sym options: 0x614 - pdb path: .;C:\Program Files\Android\Android Studio\jre\bin;C:\Windows\SYSTEM32;C:\Windows\WinSxS\amd64_microsoft.windows.common-controls_6595b64144ccf1df_6.0.19041.1110_none_60b5254171f9507e;C:\Program Files\Android\Android Studio\jre\bin\server;C:\Users\LENOVO\.gradle\native\e1d6ef7f7dcc3fd88c89a11ec53ec762bb8ba0a96d01ffa2cd45eb1d1d8dd5c5\windows-amd64;C:\Users\LENOVO\.gradle\native\5664cfc778a61ccfe75a443a1ab52a65af34e5dc3c78e0209fed803814484fcb\windows-amd64

VM Arguments:
jvm_args: --add-opens=java.base/java.util=ALL-UNNAMED --add-opens=java.base/java.lang=ALL-UNNAMED --add-opens=java.base/java.lang.invoke=ALL-UNNAMED --add-opens=java.base/java.util=ALL-UNNAMED --add-opens=java.prefs/java.util.prefs=ALL-UNNAMED --add-opens=java.prefs/java.util.prefs=ALL-UNNAMED --add-opens=java.base/java.nio.charset=ALL-UNNAMED --add-opens=java.base/java.net=ALL-UNNAMED --add-opens=java.base/java.util.concurrent.atomic=ALL-UNNAMED -Xmx2048m -Dfile.encoding=UTF-8 -Duser.country=US -Duser.language=en -Duser.variant 
java_command: org.gradle.launcher.daemon.bootstrap.GradleDaemon 7.3.3
java_class_path (initial): C:\Users\LENOVO\.gradle\wrapper\dists\gradle-7.3.3-bin\6a41zxkdtcxs8rphpq6y0069z\gradle-7.3.3\lib\gradle-launcher-7.3.3.jar
Launcher Type: SUN_STANDARD

[Global flags]
     intx CICompilerCount                          = 4                                         {product} {ergonomic}
     uint ConcGCThreads                            = 3                                         {product} {ergonomic}
     uint G1ConcRefinementThreads                  = 10                                        {product} {ergonomic}
   size_t G1HeapRegionSize                         = 1048576                                   {product} {ergonomic}
    uintx GCDrainStackTargetSize                   = 64                                        {product} {ergonomic}
   size_t InitialHeapSize                          = 98566144                                  {product} {ergonomic}
   size_t MarkStackSize                            = 4194304                                   {product} {ergonomic}
   size_t MaxHeapSize                              = 2147483648                                {product} {command line}
   size_t MaxNewSize                               = 1287651328                                {product} {ergonomic}
   size_t MinHeapDeltaBytes                        = 1048576                                   {product} {ergonomic}
    uintx NonNMethodCodeHeapSize                   = 5836300                                {pd product} {ergonomic}
    uintx NonProfiledCodeHeapSize                  = 122910970                              {pd product} {ergonomic}
    uintx ProfiledCodeHeapSize                     = 122910970                              {pd product} {ergonomic}
    uintx ReservedCodeCacheSize                    = 251658240                              {pd product} {ergonomic}
     bool SegmentedCodeCache                       = true                                      {product} {ergonomic}
     bool UseCompressedClassPointers               = true                                 {lp64_product} {ergonomic}
     bool UseCompressedOops                        = true                                 {lp64_product} {ergonomic}
     bool UseG1GC                                  = true                                      {product} {ergonomic}
     bool UseLargePagesIndividualAllocation        = false                                  {pd product} {ergonomic}

Logging:
Log output configuration:
 #0: stdout all=warning uptime,level,tags
 #1: stderr all=off uptime,level,tags

Environment Variables:
JAVA_HOME=C:\Program Files\Java\jdk-17.0.2
PATH=C:\Program Files\Common Files\Oracle\Java\javapath;C:\Windows\system32;C:\Windows;C:\Windows\System32\Wbem;C:\Windows\System32\WindowsPowerShell\v1.0\;C:\Windows\System32\OpenSSH\;C:\Program Files\Java\jdk-17.0.2\bin;C:\Users\LENOVO\AppData\Local\Microsoft\WindowsApps;C:\Program Files\JetBrains\IntelliJ IDEA Community Edition 2021.3.1\bin;;C:\Users\LENOVO\AppData\Local\Android\Sdk\build-tools\32.0.0;C:\Users\LENOVO\AppData\Local\Android\Sdk\platform-tools;
USERNAME=LENOVO
OS=Windows_NT
PROCESSOR_IDENTIFIER=AMD64 Family 23 Model 104 Stepping 1, AuthenticAMD



---------------  S Y S T E M  ---------------

OS: Windows 10 , 64 bit Build 19041 (10.0.19041.1741)
OS uptime: 0 days 19:27 hours

CPU:total 12 (initial active 12) (12 cores per cpu, 2 threads per core) family 23 model 104 stepping 1 microcode 0x0, cmov, cx8, fxsr, mmx, sse, sse2, sse3, ssse3, sse4.1, sse4.2, popcnt, avx, avx2, aes, clmul, mmxext, 3dnowpref, lzcnt, sse4a, ht, tsc, tscinvbit, tscinv, bmi1, bmi2, adx, sha, fma

Memory: 4k page, system-wide physical 6005M (191M free)
TotalPageFile size 24437M (AvailPageFile size 0M)
current process WorkingSet (physical memory assigned to process): 124M, peak: 458M
current process commit charge ("private bytes"): 504M, peak: 557M

vm_info: OpenJDK 64-Bit Server VM (11.0.12+7-b1504.28-7817840) for windows-amd64 JRE (11.0.12+7-b1504.28-7817840), built on Oct 13 2021 22:12:33 by "builder" with MS VC++ 14.0 (VS2015)

END.
